# JRE version: OpenJDK Runtime Environment Temurin-21.0.11+10 (21.0.11+10) (build 21.0.11+10-LTS)
# Java VM: OpenJDK 64-Bit Server VM Temurin-21.0.11+10 (21.0.11+10-LTS, mixed mode, sharing, tiered, compressed oops, compressed class ptrs, parallel gc, windows-amd64)
GC Precious Log:
 CardTable entry size: 512
 CPUs: 12 total, 12 available
 Memory: 7835M
 Large Page Support: Disabled
 NUMA Support: Disabled
 Compressed Oops: Enabled (32-bit)
 Alignments: Space 512K, Generation 512K, Heap 2M
 Heap Min Capacity: 100M
 Heap Initial Capacity: 100M
 Heap Max Capacity: 2G
 Pre-touch: Disabled
 Parallel Workers: 10
Heap:
 PSYoungGen      total 15872K, used 5459K [0x00000000d5580000, 0x00000000d6c00000, 0x0000000100000000)
  eden space 14848K, 30% used [0x00000000d5580000,0x00000000d59dc158,0x00000000d6400000)
  from space 1024K, 97% used [0x00000000d6780000,0x00000000d6878d60,0x00000000d6880000)
  to   space 3584K, 0% used [0x00000000d6400000,0x00000000d6400000,0x00000000d6780000)
 ParOldGen       total 68608K, used 44859K [0x0000000080000000, 0x0000000084300000, 0x00000000d5580000)
  object space 68608K, 65% used [0x0000000080000000,0x0000000082bcecb0,0x0000000084300000)
 Metaspace       used 63078K, committed 64384K, reserved 1114112K
  class space    used 6708K, committed 7296K, reserved 1048576K
GC Heap History (20 events):
Event: 29.203 GC heap before
{Heap before GC invocations=32 (full 2):
 PSYoungGen      total 21504K, used 20898K [0x00000000d5580000, 0x00000000d6c00000, 0x0000000100000000)
  eden space 19968K, 99% used [0x00000000d5580000,0x00000000d68e3e88,0x00000000d6900000)
  from space 1536K, 67% used [0x00000000d6900000,0x00000000d6a04bf8,0x00000000d6a80000)
  to   space 1536K, 0% used [0x00000000d6a80000,0x00000000d6a80000,0x00000000d6c00000)
 ParOldGen       total 68608K, used 40268K [0x0000000080000000, 0x0000000084300000, 0x00000000d5580000)
  object space 68608K, 58% used [0x0000000080000000,0x00000000827531d0,0x0000000084300000)
 Metaspace       used 55200K, committed 56512K, reserved 1114112K
  class space    used 5938K, committed 6528K, reserved 1048576K
}
Event: 29.214 GC heap after
{Heap after GC invocations=32 (full 2):
 PSYoungGen      total 17408K, used 1517K [0x00000000d5580000, 0x00000000d7400000, 0x0000000100000000)
  eden space 15872K, 0% used [0x00000000d5580000,0x00000000d5580000,0x00000000d6500000)
  from space 1536K, 98% used [0x00000000d6a80000,0x00000000d6bfb670,0x00000000d6c00000)
  to   space 5632K, 0% used [0x00000000d6500000,0x00000000d6500000,0x00000000d6a80000)
 ParOldGen       total 68608K, used 43664K [0x0000000080000000, 0x0000000084300000, 0x00000000d5580000)
  object space 68608K, 63% used [0x0000000080000000,0x0000000082aa4288,0x0000000084300000)
 Metaspace       used 55200K, committed 56512K, reserved 1114112K
  class space    used 5938K, committed 6528K, reserved 1048576K
}
Event: 29.403 GC heap before
{Heap before GC invocations=33 (full 2):
 PSYoungGen      total 17408K, used 17389K [0x00000000d5580000, 0x00000000d7400000, 0x0000000100000000)
  eden space 15872K, 100% used [0x00000000d5580000,0x00000000d6500000,0x00000000d6500000)
  from space 1536K, 98% used [0x00000000d6a80000,0x00000000d6bfb670,0x00000000d6c00000)
  to   space 5632K, 0% used [0x00000000d6500000,0x00000000d6500000,0x00000000d6a80000)
 ParOldGen       total 68608K, used 43664K [0x0000000080000000, 0x0000000084300000, 0x00000000d5580000)
  object space 68608K, 63% used [0x0000000080000000,0x0000000082aa4288,0x0000000084300000)
 Metaspace       used 55228K, committed 56576K, reserved 1114112K
  class space    used 5942K, committed 6528K, reserved 1048576K
}
Event: 29.408 GC heap after
{Heap after GC invocations=33 (full 2):
 PSYoungGen      total 16896K, used 617K [0x00000000d5580000, 0x00000000d6b00000, 0x0000000100000000)
  eden space 15872K, 0% used [0x00000000d5580000,0x00000000d5580000,0x00000000d6500000)
  from space 1024K, 60% used [0x00000000d6500000,0x00000000d659a6d8,0x00000000d6600000)
  to   space 2560K, 0% used [0x00000000d6880000,0x00000000d6880000,0x00000000d6b00000)
 ParOldGen       total 68608K, used 45234K [0x0000000080000000, 0x0000000084300000, 0x00000000d5580000)
  object space 68608K, 65% used [0x0000000080000000,0x0000000082c2cb90,0x0000000084300000)
 Metaspace       used 55228K, committed 56576K, reserved 1114112K
  class space    used 5942K, committed 6528K, reserved 1048576K
}
Event: 29.602 GC heap before
{Heap before GC invocations=34 (full 2):
 PSYoungGen      total 16896K, used 16489K [0x00000000d5580000, 0x00000000d6b00000, 0x0000000100000000)
  eden space 15872K, 100% used [0x00000000d5580000,0x00000000d6500000,0x00000000d6500000)
  from space 1024K, 60% used [0x00000000d6500000,0x00000000d659a6d8,0x00000000d6600000)
  to   space 2560K, 0% used [0x00000000d6880000,0x00000000d6880000,0x00000000d6b00000)
 ParOldGen       total 68608K, used 45234K [0x0000000080000000, 0x0000000084300000, 0x00000000d5580000)
  object space 68608K, 65% used [0x0000000080000000,0x0000000082c2cb90,0x0000000084300000)
 Metaspace       used 55846K, committed 57152K, reserved 1114112K
  class space    used 5994K, committed 6592K, reserved 1048576K
}
Event: 29.605 GC heap after
{Heap after GC invocations=34 (full 2):
 PSYoungGen      total 16384K, used 288K [0x00000000d5580000, 0x00000000d6900000, 0x0000000100000000)
  eden space 15872K, 0% used [0x00000000d5580000,0x00000000d5580000,0x00000000d6500000)
  from space 512K, 56% used [0x00000000d6880000,0x00000000d68c8000,0x00000000d6900000)
  to   space 1024K, 0% used [0x00000000d6700000,0x00000000d6700000,0x00000000d6800000)
 ParOldGen       total 68608K, used 45258K [0x0000000080000000, 0x0000000084300000, 0x00000000d5580000)
  object space 68608K, 65% used [0x0000000080000000,0x0000000082c32b90,0x0000000084300000)
 Metaspace       used 55846K, committed 57152K, reserved 1114112K
  class space    used 5994K, committed 6592K, reserved 1048576K
}
Event: 30.940 GC heap before
{Heap before GC invocations=35 (full 2):
 PSYoungGen      total 16384K, used 16160K [0x00000000d5580000, 0x00000000d6900000, 0x0000000100000000)
  eden space 15872K, 100% used [0x00000000d5580000,0x00000000d6500000,0x00000000d6500000)
  from space 512K, 56% used [0x00000000d6880000,0x00000000d68c8000,0x00000000d6900000)
  to   space 1024K, 0% used [0x00000000d6700000,0x00000000d6700000,0x00000000d6800000)
 ParOldGen       total 68608K, used 45258K [0x0000000080000000, 0x0000000084300000, 0x00000000d5580000)
  object space 68608K, 65% used [0x0000000080000000,0x0000000082c32b90,0x0000000084300000)
 Metaspace       used 57602K, committed 58944K, reserved 1114112K
  class space    used 6223K, committed 6784K, reserved 1048576K
}
Event: 30.943 GC heap after
{Heap after GC invocations=35 (full 2):
 PSYoungGen      total 16896K, used 736K [0x00000000d5580000, 0x00000000d6900000, 0x0000000100000000)
  eden space 15872K, 0% used [0x00000000d5580000,0x00000000d5580000,0x00000000d6500000)
  from space 1024K, 71% used [0x00000000d6700000,0x00000000d67b8040,0x00000000d6800000)
  to   space 1024K, 0% used [0x00000000d6800000,0x00000000d6800000,0x00000000d6900000)
 ParOldGen       total 68608K, used 45298K [0x0000000080000000, 0x0000000084300000, 0x00000000d5580000)
  object space 68608K, 66% used [0x0000000080000000,0x0000000082c3cb90,0x0000000084300000)
 Metaspace       used 57602K, committed 58944K, reserved 1114112K
  class space    used 6223K, committed 6784K, reserved 1048576K
}
Event: 31.436 GC heap before
{Heap before GC invocations=36 (full 2):
 PSYoungGen      total 16896K, used 7344K [0x00000000d5580000, 0x00000000d6900000, 0x0000000100000000)
  eden space 15872K, 41% used [0x00000000d5580000,0x00000000d5bf4238,0x00000000d6500000)
  from space 1024K, 71% used [0x00000000d6700000,0x00000000d67b8040,0x00000000d6800000)
  to   space 1024K, 0% used [0x00000000d6800000,0x00000000d6800000,0x00000000d6900000)
 ParOldGen       total 68608K, used 45298K [0x0000000080000000, 0x0000000084300000, 0x00000000d5580000)
  object space 68608K, 66% used [0x0000000080000000,0x0000000082c3cb90,0x0000000084300000)
 Metaspace       used 58418K, committed 59776K, reserved 1114112K
  class space    used 6320K, committed 6912K, reserved 1048576K
}
Event: 31.440 GC heap after
{Heap after GC invocations=36 (full 2):
 PSYoungGen      total 16896K, used 816K [0x00000000d5580000, 0x00000000d6900000, 0x0000000100000000)
  eden space 15872K, 0% used [0x00000000d5580000,0x00000000d5580000,0x00000000d6500000)
  from space 1024K, 79% used [0x00000000d6800000,0x00000000d68cc010,0x00000000d6900000)
  to   space 1024K, 0% used [0x00000000d6700000,0x00000000d6700000,0x00000000d6800000)
 ParOldGen       total 68608K, used 45722K [0x0000000080000000, 0x0000000084300000, 0x00000000d5580000)
  object space 68608K, 66% used [0x0000000080000000,0x0000000082ca6830,0x0000000084300000)
 Metaspace       used 58418K, committed 59776K, reserved 1114112K
  class space    used 6320K, committed 6912K, reserved 1048576K
}
Event: 31.440 GC heap before
{Heap before GC invocations=37 (full 3):
 PSYoungGen      total 16896K, used 816K [0x00000000d5580000, 0x00000000d6900000, 0x0000000100000000)
  eden space 15872K, 0% used [0x00000000d5580000,0x00000000d5580000,0x00000000d6500000)
  from space 1024K, 79% used [0x00000000d6800000,0x00000000d68cc010,0x00000000d6900000)
  to   space 1024K, 0% used [0x00000000d6700000,0x00000000d6700000,0x00000000d6800000)
 ParOldGen       total 68608K, used 45722K [0x0000000080000000, 0x0000000084300000, 0x00000000d5580000)
  object space 68608K, 66% used [0x0000000080000000,0x0000000082ca6830,0x0000000084300000)
 Metaspace       used 58418K, committed 59776K, reserved 1114112K
  class space    used 6320K, committed 6912K, reserved 1048576K
}
Event: 31.648 GC heap after
{Heap after GC invocations=37 (full 3):
 PSYoungGen      total 16896K, used 0K [0x00000000d5580000, 0x00000000d6900000, 0x0000000100000000)
  eden space 15872K, 0% used [0x00000000d5580000,0x00000000d5580000,0x00000000d6500000)
  from space 1024K, 0% used [0x00000000d6800000,0x00000000d6800000,0x00000000d6900000)
  to   space 1024K, 0% used [0x00000000d6700000,0x00000000d6700000,0x00000000d6800000)
 ParOldGen       total 68608K, used 40472K [0x0000000080000000, 0x0000000084300000, 0x00000000d5580000)
  object space 68608K, 58% used [0x0000000080000000,0x00000000827860f8,0x0000000084300000)
 Metaspace       used 58418K, committed 59776K, reserved 1114112K
  class space    used 6320K, committed 6912K, reserved 1048576K
}
Event: 32.487 GC heap before
{Heap before GC invocations=38 (full 3):
 PSYoungGen      total 16896K, used 15872K [0x00000000d5580000, 0x00000000d6900000, 0x0000000100000000)
  eden space 15872K, 100% used [0x00000000d5580000,0x00000000d6500000,0x00000000d6500000)
  from space 1024K, 0% used [0x00000000d6800000,0x00000000d6800000,0x00000000d6900000)
  to   space 1024K, 0% used [0x00000000d6700000,0x00000000d6700000,0x00000000d6800000)
 ParOldGen       total 68608K, used 40472K [0x0000000080000000, 0x0000000084300000, 0x00000000d5580000)
  object space 68608K, 58% used [0x0000000080000000,0x0000000082786150,0x0000000084300000)
 Metaspace       used 59519K, committed 60864K, reserved 1114112K
  class space    used 6423K, committed 7040K, reserved 1048576K
}
Event: 32.492 GC heap after
{Heap after GC invocations=38 (full 3):
 PSYoungGen      total 16896K, used 1022K [0x00000000d5580000, 0x00000000d6900000, 0x0000000100000000)
  eden space 15872K, 0% used [0x00000000d5580000,0x00000000d5580000,0x00000000d6500000)
  from space 1024K, 99% used [0x00000000d6700000,0x00000000d67ff958,0x00000000d6800000)
  to   space 1024K, 0% used [0x00000000d6800000,0x00000000d6800000,0x00000000d6900000)
 ParOldGen       total 68608K, used 41245K [0x0000000080000000, 0x0000000084300000, 0x00000000d5580000)
  object space 68608K, 60% used [0x0000000080000000,0x00000000828475e0,0x0000000084300000)
 Metaspace       used 59519K, committed 60864K, reserved 1114112K
  class space    used 6423K, committed 7040K, reserved 1048576K
}
Event: 32.965 GC heap before
{Heap before GC invocations=39 (full 3):
 PSYoungGen      total 16896K, used 16894K [0x00000000d5580000, 0x00000000d6900000, 0x0000000100000000)
  eden space 15872K, 100% used [0x00000000d5580000,0x00000000d6500000,0x00000000d6500000)
  from space 1024K, 99% used [0x00000000d6700000,0x00000000d67ff958,0x00000000d6800000)
  to   space 1024K, 0% used [0x00000000d6800000,0x00000000d6800000,0x00000000d6900000)
 ParOldGen       total 68608K, used 41366K [0x0000000080000000, 0x0000000084300000, 0x00000000d5580000)
  object space 68608K, 60% used [0x0000000080000000,0x0000000082865b30,0x0000000084300000)
 Metaspace       used 60981K, committed 62336K, reserved 1114112K
  class space    used 6535K, committed 7104K, reserved 1048576K
}
Event: 32.969 GC heap after
{Heap after GC invocations=39 (full 3):
 PSYoungGen      total 16896K, used 752K [0x00000000d5580000, 0x00000000d6900000, 0x0000000100000000)
  eden space 15872K, 0% used [0x00000000d5580000,0x00000000d5580000,0x00000000d6500000)
  from space 1024K, 73% used [0x00000000d6800000,0x00000000d68bc030,0x00000000d6900000)
  to   space 1536K, 0% used [0x00000000d6600000,0x00000000d6600000,0x00000000d6780000)
 ParOldGen       total 68608K, used 42366K [0x0000000080000000, 0x0000000084300000, 0x00000000d5580000)
  object space 68608K, 61% used [0x0000000080000000,0x000000008295f918,0x0000000084300000)
 Metaspace       used 60981K, committed 62336K, reserved 1114112K
  class space    used 6535K, committed 7104K, reserved 1048576K
}
Event: 33.496 GC heap before
{Heap before GC invocations=40 (full 3):
 PSYoungGen      total 16896K, used 16624K [0x00000000d5580000, 0x00000000d6900000, 0x0000000100000000)
  eden space 15872K, 99% used [0x00000000d5580000,0x00000000d64fffd0,0x00000000d6500000)
  from space 1024K, 73% used [0x00000000d6800000,0x00000000d68bc030,0x00000000d6900000)
  to   space 1536K, 0% used [0x00000000d6600000,0x00000000d6600000,0x00000000d6780000)
 ParOldGen       total 68608K, used 42366K [0x0000000080000000, 0x0000000084300000, 0x00000000d5580000)
  object space 68608K, 61% used [0x0000000080000000,0x000000008295f918,0x0000000084300000)
 Metaspace       used 61842K, committed 63168K, reserved 1114112K
  class space    used 6591K, committed 7168K, reserved 1048576K
}
Event: 33.504 GC heap after
{Heap after GC invocations=40 (full 3):
 PSYoungGen      total 17408K, used 1392K [0x00000000d5580000, 0x00000000d6880000, 0x0000000100000000)
  eden space 15872K, 0% used [0x00000000d5580000,0x00000000d5580000,0x00000000d6500000)
  from space 1536K, 90% used [0x00000000d6600000,0x00000000d675c010,0x00000000d6780000)
  to   space 1024K, 0% used [0x00000000d6780000,0x00000000d6780000,0x00000000d6880000)
 ParOldGen       total 68608K, used 42942K [0x0000000080000000, 0x0000000084300000, 0x00000000d5580000)
  object space 68608K, 62% used [0x0000000080000000,0x00000000829ef978,0x0000000084300000)
 Metaspace       used 61842K, committed 63168K, reserved 1114112K
  class space    used 6591K, committed 7168K, reserved 1048576K
}
Event: 34.387 GC heap before
{Heap before GC invocations=41 (full 3):
 PSYoungGen      total 17408K, used 17264K [0x00000000d5580000, 0x00000000d6880000, 0x0000000100000000)
  eden space 15872K, 100% used [0x00000000d5580000,0x00000000d6500000,0x00000000d6500000)
  from space 1536K, 90% used [0x00000000d6600000,0x00000000d675c010,0x00000000d6780000)
  to   space 1024K, 0% used [0x00000000d6780000,0x00000000d6780000,0x00000000d6880000)
 ParOldGen       total 68608K, used 42942K [0x0000000080000000, 0x0000000084300000, 0x00000000d5580000)
  object space 68608K, 62% used [0x0000000080000000,0x00000000829ef978,0x0000000084300000)
 Metaspace       used 62693K, committed 64000K, reserved 1114112K
  class space    used 6668K, committed 7232K, reserved 1048576K
}
Event: 34.394 GC heap after
{Heap after GC invocations=41 (full 3):
 PSYoungGen      total 15872K, used 995K [0x00000000d5580000, 0x00000000d6c00000, 0x0000000100000000)
  eden space 14848K, 0% used [0x00000000d5580000,0x00000000d5580000,0x00000000d6400000)
  from space 1024K, 97% used [0x00000000d6780000,0x00000000d6878d60,0x00000000d6880000)
  to   space 3584K, 0% used [0x00000000d6400000,0x00000000d6400000,0x00000000d6780000)
 ParOldGen       total 68608K, used 44859K [0x0000000080000000, 0x0000000084300000, 0x00000000d5580000)
  object space 68608K, 65% used [0x0000000080000000,0x0000000082bcecb0,0x0000000084300000)
 Metaspace       used 62693K, committed 64000K, reserved 1114112K
  class space    used 6668K, committed 7232K, reserved 1048576K
}

