# JRE version: OpenJDK Runtime Environment Temurin-21.0.11+10 (21.0.11+10) (build 21.0.11+10-LTS)
# Java VM: OpenJDK 64-Bit Server VM Temurin-21.0.11+10 (21.0.11+10-LTS, mixed mode, sharing, tiered, compressed oops, compressed class ptrs, parallel gc, windows-amd64)
GC Precious Log:
 CardTable entry size: 512
 CPUs: 12 total, 12 available
 Memory: 7835M
 Large Page Support: Disabled
 NUMA Support: Disabled
 Compressed Oops: Enabled (32-bit)
 Alignments: Space 512K, Generation 512K, Heap 2M
 Heap Min Capacity: 100M
 Heap Initial Capacity: 100M
 Heap Max Capacity: 2G
 Pre-touch: Disabled
 Parallel Workers: 10
Heap:
 PSYoungGen      total 16896K, used 6333K [0x00000000d5580000, 0x00000000d6880000, 0x0000000100000000)
  eden space 15872K, 36% used [0x00000000d5580000,0x00000000d5b27588,0x00000000d6500000)
  from space 1024K, 53% used [0x00000000d6500000,0x00000000d6588020,0x00000000d6600000)
  to   space 1536K, 0% used [0x00000000d6700000,0x00000000d6700000,0x00000000d6880000)
 ParOldGen       total 68608K, used 44218K [0x0000000080000000, 0x0000000084300000, 0x00000000d5580000)
  object space 68608K, 64% used [0x0000000080000000,0x0000000082b2e9f0,0x0000000084300000)
 Metaspace       used 63458K, committed 64832K, reserved 1114112K
  class space    used 6716K, committed 7296K, reserved 1048576K
GC Heap History (20 events):
Event: 13.651 GC heap before
{Heap before GC invocations=31 (full 2):
 PSYoungGen      total 22016K, used 22000K [0x00000000d5580000, 0x00000000d6e00000, 0x0000000100000000)
  eden space 20992K, 100% used [0x00000000d5580000,0x00000000d6a00000,0x00000000d6a00000)
  from space 1024K, 98% used [0x00000000d6c00000,0x00000000d6cfc030,0x00000000d6d00000)
  to   space 2048K, 0% used [0x00000000d6a00000,0x00000000d6a00000,0x00000000d6c00000)
 ParOldGen       total 68608K, used 39737K [0x0000000080000000, 0x0000000084300000, 0x00000000d5580000)
  object space 68608K, 57% used [0x0000000080000000,0x00000000826ce4c0,0x0000000084300000)
 Metaspace       used 54512K, committed 55808K, reserved 1114112K
  class space    used 5883K, committed 6464K, reserved 1048576K
}
Event: 13.653 GC heap after
{Heap after GC invocations=31 (full 2):
 PSYoungGen      total 22016K, used 978K [0x00000000d5580000, 0x00000000d6d00000, 0x0000000100000000)
  eden space 20992K, 0% used [0x00000000d5580000,0x00000000d5580000,0x00000000d6a00000)
  from space 1024K, 95% used [0x00000000d6a00000,0x00000000d6af4bf8,0x00000000d6b00000)
  to   space 1536K, 0% used [0x00000000d6b80000,0x00000000d6b80000,0x00000000d6d00000)
 ParOldGen       total 68608K, used 40453K [0x0000000080000000, 0x0000000084300000, 0x00000000d5580000)
  object space 68608K, 58% used [0x0000000080000000,0x0000000082781500,0x0000000084300000)
 Metaspace       used 54512K, committed 55808K, reserved 1114112K
  class space    used 5883K, committed 6464K, reserved 1048576K
}
Event: 13.955 GC heap before
{Heap before GC invocations=32 (full 2):
 PSYoungGen      total 22016K, used 21970K [0x00000000d5580000, 0x00000000d6d00000, 0x0000000100000000)
  eden space 20992K, 100% used [0x00000000d5580000,0x00000000d6a00000,0x00000000d6a00000)
  from space 1024K, 95% used [0x00000000d6a00000,0x00000000d6af4bf8,0x00000000d6b00000)
  to   space 1536K, 0% used [0x00000000d6b80000,0x00000000d6b80000,0x00000000d6d00000)
 ParOldGen       total 68608K, used 40453K [0x0000000080000000, 0x0000000084300000, 0x00000000d5580000)
  object space 68608K, 58% used [0x0000000080000000,0x0000000082781500,0x0000000084300000)
 Metaspace       used 55279K, committed 56576K, reserved 1114112K
  class space    used 5927K, committed 6528K, reserved 1048576K
}
Event: 13.959 GC heap after
{Heap after GC invocations=32 (full 2):
 PSYoungGen      total 18432K, used 1509K [0x00000000d5580000, 0x00000000d7500000, 0x0000000100000000)
  eden space 16896K, 0% used [0x00000000d5580000,0x00000000d5580000,0x00000000d6600000)
  from space 1536K, 98% used [0x00000000d6b80000,0x00000000d6cf9788,0x00000000d6d00000)
  to   space 5632K, 0% used [0x00000000d6600000,0x00000000d6600000,0x00000000d6b80000)
 ParOldGen       total 68608K, used 43794K [0x0000000080000000, 0x0000000084300000, 0x00000000d5580000)
  object space 68608K, 63% used [0x0000000080000000,0x0000000082ac49f0,0x0000000084300000)
 Metaspace       used 55279K, committed 56576K, reserved 1114112K
  class space    used 5927K, committed 6528K, reserved 1048576K
}
Event: 14.011 GC heap before
{Heap before GC invocations=33 (full 2):
 PSYoungGen      total 18432K, used 18379K [0x00000000d5580000, 0x00000000d7500000, 0x0000000100000000)
  eden space 16896K, 99% used [0x00000000d5580000,0x00000000d65f9790,0x00000000d6600000)
  from space 1536K, 98% used [0x00000000d6b80000,0x00000000d6cf9788,0x00000000d6d00000)
  to   space 5632K, 0% used [0x00000000d6600000,0x00000000d6600000,0x00000000d6b80000)
 ParOldGen       total 68608K, used 43794K [0x0000000080000000, 0x0000000084300000, 0x00000000d5580000)
  object space 68608K, 63% used [0x0000000080000000,0x0000000082ac49f0,0x0000000084300000)
 Metaspace       used 55289K, committed 56576K, reserved 1114112K
  class space    used 5927K, committed 6528K, reserved 1048576K
}
Event: 14.014 GC heap after
{Heap after GC invocations=33 (full 2):
 PSYoungGen      total 17920K, used 937K [0x00000000d5580000, 0x00000000d6c00000, 0x0000000100000000)
  eden space 16896K, 0% used [0x00000000d5580000,0x00000000d5580000,0x00000000d6600000)
  from space 1024K, 91% used [0x00000000d6600000,0x00000000d66ea738,0x00000000d6700000)
  to   space 2560K, 0% used [0x00000000d6980000,0x00000000d6980000,0x00000000d6c00000)
 ParOldGen       total 68608K, used 45504K [0x0000000080000000, 0x0000000084300000, 0x00000000d5580000)
  object space 68608K, 66% used [0x0000000080000000,0x0000000082c702b0,0x0000000084300000)
 Metaspace       used 55289K, committed 56576K, reserved 1114112K
  class space    used 5927K, committed 6528K, reserved 1048576K
}
Event: 14.297 GC heap before
{Heap before GC invocations=34 (full 2):
 PSYoungGen      total 17920K, used 17832K [0x00000000d5580000, 0x00000000d6c00000, 0x0000000100000000)
  eden space 16896K, 99% used [0x00000000d5580000,0x00000000d65ffb30,0x00000000d6600000)
  from space 1024K, 91% used [0x00000000d6600000,0x00000000d66ea738,0x00000000d6700000)
  to   space 2560K, 0% used [0x00000000d6980000,0x00000000d6980000,0x00000000d6c00000)
 ParOldGen       total 68608K, used 45504K [0x0000000080000000, 0x0000000084300000, 0x00000000d5580000)
  object space 68608K, 66% used [0x0000000080000000,0x0000000082c702b0,0x0000000084300000)
 Metaspace       used 56916K, committed 58240K, reserved 1114112K
  class space    used 6085K, committed 6656K, reserved 1048576K
}
Event: 14.299 GC heap after
{Heap after GC invocations=34 (full 2):
 PSYoungGen      total 17408K, used 489K [0x00000000d5580000, 0x00000000d6a00000, 0x0000000100000000)
  eden space 16896K, 0% used [0x00000000d5580000,0x00000000d5580000,0x00000000d6600000)
  from space 512K, 95% used [0x00000000d6980000,0x00000000d69fa560,0x00000000d6a00000)
  to   space 1024K, 0% used [0x00000000d6800000,0x00000000d6800000,0x00000000d6900000)
 ParOldGen       total 68608K, used 45544K [0x0000000080000000, 0x0000000084300000, 0x00000000d5580000)
  object space 68608K, 66% used [0x0000000080000000,0x0000000082c7a2b0,0x0000000084300000)
 Metaspace       used 56916K, committed 58240K, reserved 1114112K
  class space    used 6085K, committed 6656K, reserved 1048576K
}
Event: 14.731 GC heap before
{Heap before GC invocations=35 (full 2):
 PSYoungGen      total 17408K, used 14487K [0x00000000d5580000, 0x00000000d6a00000, 0x0000000100000000)
  eden space 16896K, 82% used [0x00000000d5580000,0x00000000d632b6e8,0x00000000d6600000)
  from space 512K, 95% used [0x00000000d6980000,0x00000000d69fa560,0x00000000d6a00000)
  to   space 1024K, 0% used [0x00000000d6800000,0x00000000d6800000,0x00000000d6900000)
 ParOldGen       total 68608K, used 45544K [0x0000000080000000, 0x0000000084300000, 0x00000000d5580000)
  object space 68608K, 66% used [0x0000000080000000,0x0000000082c7a2b0,0x0000000084300000)
 Metaspace       used 58524K, committed 59776K, reserved 1114112K
  class space    used 6296K, committed 6848K, reserved 1048576K
}
Event: 14.733 GC heap after
{Heap after GC invocations=35 (full 2):
 PSYoungGen      total 17920K, used 992K [0x00000000d5580000, 0x00000000d6a00000, 0x0000000100000000)
  eden space 16896K, 0% used [0x00000000d5580000,0x00000000d5580000,0x00000000d6600000)
  from space 1024K, 96% used [0x00000000d6800000,0x00000000d68f8020,0x00000000d6900000)
  to   space 1024K, 0% used [0x00000000d6900000,0x00000000d6900000,0x00000000d6a00000)
 ParOldGen       total 68608K, used 45807K [0x0000000080000000, 0x0000000084300000, 0x00000000d5580000)
  object space 68608K, 66% used [0x0000000080000000,0x0000000082cbbf10,0x0000000084300000)
 Metaspace       used 58524K, committed 59776K, reserved 1114112K
  class space    used 6296K, committed 6848K, reserved 1048576K
}
Event: 14.733 GC heap before
{Heap before GC invocations=36 (full 3):
 PSYoungGen      total 17920K, used 992K [0x00000000d5580000, 0x00000000d6a00000, 0x0000000100000000)
  eden space 16896K, 0% used [0x00000000d5580000,0x00000000d5580000,0x00000000d6600000)
  from space 1024K, 96% used [0x00000000d6800000,0x00000000d68f8020,0x00000000d6900000)
  to   space 1024K, 0% used [0x00000000d6900000,0x00000000d6900000,0x00000000d6a00000)
 ParOldGen       total 68608K, used 45807K [0x0000000080000000, 0x0000000084300000, 0x00000000d5580000)
  object space 68608K, 66% used [0x0000000080000000,0x0000000082cbbf10,0x0000000084300000)
 Metaspace       used 58524K, committed 59776K, reserved 1114112K
  class space    used 6296K, committed 6848K, reserved 1048576K
}
Event: 14.807 GC heap after
{Heap after GC invocations=36 (full 3):
 PSYoungGen      total 17920K, used 0K [0x00000000d5580000, 0x00000000d6a00000, 0x0000000100000000)
  eden space 16896K, 0% used [0x00000000d5580000,0x00000000d5580000,0x00000000d6600000)
  from space 1024K, 0% used [0x00000000d6800000,0x00000000d6800000,0x00000000d6900000)
  to   space 1024K, 0% used [0x00000000d6900000,0x00000000d6900000,0x00000000d6a00000)
 ParOldGen       total 68608K, used 40380K [0x0000000080000000, 0x0000000084300000, 0x00000000d5580000)
  object space 68608K, 58% used [0x0000000080000000,0x000000008276f3c0,0x0000000084300000)
 Metaspace       used 58524K, committed 59776K, reserved 1114112K
  class space    used 6296K, committed 6848K, reserved 1048576K
}
Event: 15.279 GC heap before
{Heap before GC invocations=37 (full 3):
 PSYoungGen      total 17920K, used 16896K [0x00000000d5580000, 0x00000000d6a00000, 0x0000000100000000)
  eden space 16896K, 100% used [0x00000000d5580000,0x00000000d6600000,0x00000000d6600000)
  from space 1024K, 0% used [0x00000000d6800000,0x00000000d6800000,0x00000000d6900000)
  to   space 1024K, 0% used [0x00000000d6900000,0x00000000d6900000,0x00000000d6a00000)
 ParOldGen       total 68608K, used 40380K [0x0000000080000000, 0x0000000084300000, 0x00000000d5580000)
  object space 68608K, 58% used [0x0000000080000000,0x000000008276f3c0,0x0000000084300000)
 Metaspace       used 59816K, committed 61184K, reserved 1114112K
  class space    used 6433K, committed 7040K, reserved 1048576K
}
Event: 15.281 GC heap after
{Heap after GC invocations=37 (full 3):
 PSYoungGen      total 17920K, used 1016K [0x00000000d5580000, 0x00000000d6a00000, 0x0000000100000000)
  eden space 16896K, 0% used [0x00000000d5580000,0x00000000d5580000,0x00000000d6600000)
  from space 1024K, 99% used [0x00000000d6900000,0x00000000d69fe290,0x00000000d6a00000)
  to   space 2048K, 0% used [0x00000000d6600000,0x00000000d6600000,0x00000000d6800000)
 ParOldGen       total 68608K, used 40938K [0x0000000080000000, 0x0000000084300000, 0x00000000d5580000)
  object space 68608K, 59% used [0x0000000080000000,0x00000000827fa870,0x0000000084300000)
 Metaspace       used 59816K, committed 61184K, reserved 1114112K
  class space    used 6433K, committed 7040K, reserved 1048576K
}
Event: 15.731 GC heap before
{Heap before GC invocations=38 (full 3):
 PSYoungGen      total 17920K, used 17912K [0x00000000d5580000, 0x00000000d6a00000, 0x0000000100000000)
  eden space 16896K, 100% used [0x00000000d5580000,0x00000000d6600000,0x00000000d6600000)
  from space 1024K, 99% used [0x00000000d6900000,0x00000000d69fe290,0x00000000d6a00000)
  to   space 2048K, 0% used [0x00000000d6600000,0x00000000d6600000,0x00000000d6800000)
 ParOldGen       total 68608K, used 40938K [0x0000000080000000, 0x0000000084300000, 0x00000000d5580000)
  object space 68608K, 59% used [0x0000000080000000,0x00000000827fa870,0x0000000084300000)
 Metaspace       used 61294K, committed 62720K, reserved 1114112K
  class space    used 6553K, committed 7168K, reserved 1048576K
}
Event: 15.734 GC heap after
{Heap after GC invocations=38 (full 3):
 PSYoungGen      total 18944K, used 1024K [0x00000000d5580000, 0x00000000d6980000, 0x0000000100000000)
  eden space 16896K, 0% used [0x00000000d5580000,0x00000000d5580000,0x00000000d6600000)
  from space 2048K, 50% used [0x00000000d6600000,0x00000000d6700060,0x00000000d6800000)
  to   space 1536K, 0% used [0x00000000d6800000,0x00000000d6800000,0x00000000d6980000)
 ParOldGen       total 68608K, used 41957K [0x0000000080000000, 0x0000000084300000, 0x00000000d5580000)
  object space 68608K, 61% used [0x0000000080000000,0x00000000828f9680,0x0000000084300000)
 Metaspace       used 61294K, committed 62720K, reserved 1114112K
  class space    used 6553K, committed 7168K, reserved 1048576K
}
Event: 16.073 GC heap before
{Heap before GC invocations=39 (full 3):
 PSYoungGen      total 18944K, used 17918K [0x00000000d5580000, 0x00000000d6980000, 0x0000000100000000)
  eden space 16896K, 99% used [0x00000000d5580000,0x00000000d65ff980,0x00000000d6600000)
  from space 2048K, 50% used [0x00000000d6600000,0x00000000d6700060,0x00000000d6800000)
  to   space 1536K, 0% used [0x00000000d6800000,0x00000000d6800000,0x00000000d6980000)
 ParOldGen       total 68608K, used 41957K [0x0000000080000000, 0x0000000084300000, 0x00000000d5580000)
  object space 68608K, 61% used [0x0000000080000000,0x00000000828f9680,0x0000000084300000)
 Metaspace       used 62384K, committed 63744K, reserved 1114112K
  class space    used 6651K, committed 7232K, reserved 1048576K
}
Event: 16.075 GC heap after
{Heap after GC invocations=39 (full 3):
 PSYoungGen      total 17408K, used 1521K [0x00000000d5580000, 0x00000000d6c00000, 0x0000000100000000)
  eden space 15872K, 0% used [0x00000000d5580000,0x00000000d5580000,0x00000000d6500000)
  from space 1536K, 99% used [0x00000000d6800000,0x00000000d697c6c0,0x00000000d6980000)
  to   space 3072K, 0% used [0x00000000d6500000,0x00000000d6500000,0x00000000d6800000)
 ParOldGen       total 68608K, used 42949K [0x0000000080000000, 0x0000000084300000, 0x00000000d5580000)
  object space 68608K, 62% used [0x0000000080000000,0x00000000829f1740,0x0000000084300000)
 Metaspace       used 62384K, committed 63744K, reserved 1114112K
  class space    used 6651K, committed 7232K, reserved 1048576K
}
Event: 32.151 GC heap before
{Heap before GC invocations=40 (full 3):
 PSYoungGen      total 17408K, used 17393K [0x00000000d5580000, 0x00000000d6c00000, 0x0000000100000000)
  eden space 15872K, 100% used [0x00000000d5580000,0x00000000d6500000,0x00000000d6500000)
  from space 1536K, 99% used [0x00000000d6800000,0x00000000d697c6c0,0x00000000d6980000)
  to   space 3072K, 0% used [0x00000000d6500000,0x00000000d6500000,0x00000000d6800000)
 ParOldGen       total 68608K, used 42949K [0x0000000080000000, 0x0000000084300000, 0x00000000d5580000)
  object space 68608K, 62% used [0x0000000080000000,0x00000000829f1740,0x0000000084300000)
 Metaspace       used 62885K, committed 64192K, reserved 1114112K
  class space    used 6674K, committed 7232K, reserved 1048576K
}
Event: 32.165 GC heap after
{Heap after GC invocations=40 (full 3):
 PSYoungGen      total 16896K, used 544K [0x00000000d5580000, 0x00000000d6880000, 0x0000000100000000)
  eden space 15872K, 0% used [0x00000000d5580000,0x00000000d5580000,0x00000000d6500000)
  from space 1024K, 53% used [0x00000000d6500000,0x00000000d6588020,0x00000000d6600000)
  to   space 1536K, 0% used [0x00000000d6700000,0x00000000d6700000,0x00000000d6880000)
 ParOldGen       total 68608K, used 44218K [0x0000000080000000, 0x0000000084300000, 0x00000000d5580000)
  object space 68608K, 64% used [0x0000000080000000,0x0000000082b2e9f0,0x0000000084300000)
 Metaspace       used 62885K, committed 64192K, reserved 1114112K
  class space    used 6674K, committed 7232K, reserved 1048576K
}

