# JRE version: OpenJDK Runtime Environment Temurin-21.0.11+10 (21.0.11+10) (build 21.0.11+10-LTS)
# Java VM: OpenJDK 64-Bit Server VM Temurin-21.0.11+10 (21.0.11+10-LTS, mixed mode, sharing, tiered, compressed oops, compressed class ptrs, parallel gc, windows-amd64)
GC Precious Log:
 CardTable entry size: 512
 CPUs: 12 total, 12 available
 Memory: 7835M
 Large Page Support: Disabled
 NUMA Support: Disabled
 Compressed Oops: Enabled (32-bit)
 Alignments: Space 512K, Generation 512K, Heap 2M
 Heap Min Capacity: 100M
 Heap Initial Capacity: 100M
 Heap Max Capacity: 2G
 Pre-touch: Disabled
 Parallel Workers: 10
Heap:
 PSYoungGen      total 22528K, used 3416K [0x00000000d5580000, 0x00000000d7000000, 0x0000000100000000)
  eden space 20480K, 7% used [0x00000000d5580000,0x00000000d56ee1c8,0x00000000d6980000)
  from space 2048K, 95% used [0x00000000d6e00000,0x00000000d6fe8000,0x00000000d7000000)
  to   space 2048K, 0% used [0x00000000d6b80000,0x00000000d6b80000,0x00000000d6d80000)
 ParOldGen       total 68608K, used 61746K [0x0000000080000000, 0x0000000084300000, 0x00000000d5580000)
  object space 68608K, 89% used [0x0000000080000000,0x0000000083c4caa0,0x0000000084300000)
 Metaspace       used 72909K, committed 74496K, reserved 1179648K
  class space    used 7707K, committed 8448K, reserved 1048576K
GC Heap History (20 events):
Event: 184.762 GC heap before
{Heap before GC invocations=42 (full 3):
 PSYoungGen      total 21504K, used 21360K [0x00000000d5580000, 0x00000000d6d00000, 0x0000000100000000)
  eden space 20480K, 100% used [0x00000000d5580000,0x00000000d6980000,0x00000000d6980000)
  from space 1024K, 85% used [0x00000000d6c00000,0x00000000d6cdc050,0x00000000d6d00000)
  to   space 1536K, 0% used [0x00000000d6a00000,0x00000000d6a00000,0x00000000d6b80000)
 ParOldGen       total 68608K, used 46892K [0x0000000080000000, 0x0000000084300000, 0x00000000d5580000)
  object space 68608K, 68% used [0x0000000080000000,0x0000000082dcb1d0,0x0000000084300000)
 Metaspace       used 68750K, committed 70272K, reserved 1114112K
  class space    used 7366K, committed 8064K, reserved 1048576K
}
Event: 184.772 GC heap after
{Heap after GC invocations=42 (full 3):
 PSYoungGen      total 22016K, used 1522K [0x00000000d5580000, 0x00000000d7180000, 0x0000000100000000)
  eden space 20480K, 0% used [0x00000000d5580000,0x00000000d5580000,0x00000000d6980000)
  from space 1536K, 99% used [0x00000000d6a00000,0x00000000d6b7c8a0,0x00000000d6b80000)
  to   space 4096K, 0% used [0x00000000d6d80000,0x00000000d6d80000,0x00000000d7180000)
 ParOldGen       total 68608K, used 48948K [0x0000000080000000, 0x0000000084300000, 0x00000000d5580000)
  object space 68608K, 71% used [0x0000000080000000,0x0000000082fcd220,0x0000000084300000)
 Metaspace       used 68750K, committed 70272K, reserved 1114112K
  class space    used 7366K, committed 8064K, reserved 1048576K
}
Event: 185.196 GC heap before
{Heap before GC invocations=43 (full 3):
 PSYoungGen      total 22016K, used 21988K [0x00000000d5580000, 0x00000000d7180000, 0x0000000100000000)
  eden space 20480K, 99% used [0x00000000d5580000,0x00000000d697c888,0x00000000d6980000)
  from space 1536K, 99% used [0x00000000d6a00000,0x00000000d6b7c8a0,0x00000000d6b80000)
  to   space 4096K, 0% used [0x00000000d6d80000,0x00000000d6d80000,0x00000000d7180000)
 ParOldGen       total 68608K, used 48948K [0x0000000080000000, 0x0000000084300000, 0x00000000d5580000)
  object space 68608K, 71% used [0x0000000080000000,0x0000000082fcd220,0x0000000084300000)
 Metaspace       used 69960K, committed 71424K, reserved 1114112K
  class space    used 7509K, committed 8192K, reserved 1048576K
}
Event: 185.200 GC heap after
{Heap after GC invocations=43 (full 3):
 PSYoungGen      total 20992K, used 473K [0x00000000d5580000, 0x00000000d6e00000, 0x0000000100000000)
  eden space 20480K, 0% used [0x00000000d5580000,0x00000000d5580000,0x00000000d6980000)
  from space 512K, 92% used [0x00000000d6d80000,0x00000000d6df64d0,0x00000000d6e00000)
  to   space 2048K, 0% used [0x00000000d6a00000,0x00000000d6a00000,0x00000000d6c00000)
 ParOldGen       total 68608K, used 49598K [0x0000000080000000, 0x0000000084300000, 0x00000000d5580000)
  object space 68608K, 72% used [0x0000000080000000,0x000000008306fb30,0x0000000084300000)
 Metaspace       used 69960K, committed 71424K, reserved 1114112K
  class space    used 7509K, committed 8192K, reserved 1048576K
}
Event: 189.581 GC heap before
{Heap before GC invocations=44 (full 3):
 PSYoungGen      total 20992K, used 20953K [0x00000000d5580000, 0x00000000d6e00000, 0x0000000100000000)
  eden space 20480K, 100% used [0x00000000d5580000,0x00000000d6980000,0x00000000d6980000)
  from space 512K, 92% used [0x00000000d6d80000,0x00000000d6df64d0,0x00000000d6e00000)
  to   space 2048K, 0% used [0x00000000d6a00000,0x00000000d6a00000,0x00000000d6c00000)
 ParOldGen       total 68608K, used 49598K [0x0000000080000000, 0x0000000084300000, 0x00000000d5580000)
  object space 68608K, 72% used [0x0000000080000000,0x000000008306fb30,0x0000000084300000)
 Metaspace       used 70887K, committed 72384K, reserved 1114112K
  class space    used 7596K, committed 8256K, reserved 1048576K
}
Event: 189.591 GC heap after
{Heap after GC invocations=44 (full 3):
 PSYoungGen      total 22528K, used 2034K [0x00000000d5580000, 0x00000000d7080000, 0x0000000100000000)
  eden space 20480K, 0% used [0x00000000d5580000,0x00000000d5580000,0x00000000d6980000)
  from space 2048K, 99% used [0x00000000d6a00000,0x00000000d6bfcb50,0x00000000d6c00000)
  to   space 3584K, 0% used [0x00000000d6d00000,0x00000000d6d00000,0x00000000d7080000)
 ParOldGen       total 68608K, used 50566K [0x0000000080000000, 0x0000000084300000, 0x00000000d5580000)
  object space 68608K, 73% used [0x0000000080000000,0x0000000083161a80,0x0000000084300000)
 Metaspace       used 70887K, committed 72384K, reserved 1114112K
  class space    used 7596K, committed 8256K, reserved 1048576K
}
Event: 218.439 GC heap before
{Heap before GC invocations=45 (full 3):
 PSYoungGen      total 22528K, used 22514K [0x00000000d5580000, 0x00000000d7080000, 0x0000000100000000)
  eden space 20480K, 100% used [0x00000000d5580000,0x00000000d6980000,0x00000000d6980000)
  from space 2048K, 99% used [0x00000000d6a00000,0x00000000d6bfcb50,0x00000000d6c00000)
  to   space 3584K, 0% used [0x00000000d6d00000,0x00000000d6d00000,0x00000000d7080000)
 ParOldGen       total 68608K, used 50566K [0x0000000080000000, 0x0000000084300000, 0x00000000d5580000)
  object space 68608K, 73% used [0x0000000080000000,0x0000000083161a80,0x0000000084300000)
 Metaspace       used 71236K, committed 72704K, reserved 1114112K
  class space    used 7624K, committed 8256K, reserved 1048576K
}
Event: 218.445 GC heap after
{Heap after GC invocations=45 (full 3):
 PSYoungGen      total 22016K, used 1263K [0x00000000d5580000, 0x00000000d6e80000, 0x0000000100000000)
  eden space 20480K, 0% used [0x00000000d5580000,0x00000000d5580000,0x00000000d6980000)
  from space 1536K, 82% used [0x00000000d6d00000,0x00000000d6e3bec8,0x00000000d6e80000)
  to   space 2048K, 0% used [0x00000000d6a80000,0x00000000d6a80000,0x00000000d6c80000)
 ParOldGen       total 68608K, used 51812K [0x0000000080000000, 0x0000000084300000, 0x00000000d5580000)
  object space 68608K, 75% used [0x0000000080000000,0x00000000832992d0,0x0000000084300000)
 Metaspace       used 71236K, committed 72704K, reserved 1114112K
  class space    used 7624K, committed 8256K, reserved 1048576K
}
Event: 241.943 GC heap before
{Heap before GC invocations=46 (full 3):
 PSYoungGen      total 22016K, used 21743K [0x00000000d5580000, 0x00000000d6e80000, 0x0000000100000000)
  eden space 20480K, 100% used [0x00000000d5580000,0x00000000d6980000,0x00000000d6980000)
  from space 1536K, 82% used [0x00000000d6d00000,0x00000000d6e3bec8,0x00000000d6e80000)
  to   space 2048K, 0% used [0x00000000d6a80000,0x00000000d6a80000,0x00000000d6c80000)
 ParOldGen       total 68608K, used 51812K [0x0000000080000000, 0x0000000084300000, 0x00000000d5580000)
  object space 68608K, 75% used [0x0000000080000000,0x00000000832992d0,0x0000000084300000)
 Metaspace       used 71489K, committed 72896K, reserved 1114112K
  class space    used 7631K, committed 8256K, reserved 1048576K
}
Event: 241.949 GC heap after
{Heap after GC invocations=46 (full 3):
 PSYoungGen      total 22528K, used 1968K [0x00000000d5580000, 0x00000000d6e80000, 0x0000000100000000)
  eden space 20480K, 0% used [0x00000000d5580000,0x00000000d5580000,0x00000000d6980000)
  from space 2048K, 96% used [0x00000000d6a80000,0x00000000d6c6c030,0x00000000d6c80000)
  to   space 2048K, 0% used [0x00000000d6c80000,0x00000000d6c80000,0x00000000d6e80000)
 ParOldGen       total 68608K, used 52668K [0x0000000080000000, 0x0000000084300000, 0x00000000d5580000)
  object space 68608K, 76% used [0x0000000080000000,0x000000008336f188,0x0000000084300000)
 Metaspace       used 71489K, committed 72896K, reserved 1114112K
  class space    used 7631K, committed 8256K, reserved 1048576K
}
Event: 300.638 GC heap before
{Heap before GC invocations=47 (full 3):
 PSYoungGen      total 22528K, used 22448K [0x00000000d5580000, 0x00000000d6e80000, 0x0000000100000000)
  eden space 20480K, 100% used [0x00000000d5580000,0x00000000d6980000,0x00000000d6980000)
  from space 2048K, 96% used [0x00000000d6a80000,0x00000000d6c6c030,0x00000000d6c80000)
  to   space 2048K, 0% used [0x00000000d6c80000,0x00000000d6c80000,0x00000000d6e80000)
 ParOldGen       total 68608K, used 52668K [0x0000000080000000, 0x0000000084300000, 0x00000000d5580000)
  object space 68608K, 76% used [0x0000000080000000,0x000000008336f188,0x0000000084300000)
 Metaspace       used 71759K, committed 73280K, reserved 1114112K
  class space    used 7650K, committed 8320K, reserved 1048576K
}
Event: 300.644 GC heap after
{Heap after GC invocations=47 (full 3):
 PSYoungGen      total 20992K, used 416K [0x00000000d5580000, 0x00000000d6d00000, 0x0000000100000000)
  eden space 20480K, 0% used [0x00000000d5580000,0x00000000d5580000,0x00000000d6980000)
  from space 512K, 81% used [0x00000000d6c80000,0x00000000d6ce8000,0x00000000d6d00000)
  to   space 1024K, 0% used [0x00000000d6b00000,0x00000000d6b00000,0x00000000d6c00000)
 ParOldGen       total 68608K, used 52854K [0x0000000080000000, 0x0000000084300000, 0x00000000d5580000)
  object space 68608K, 77% used [0x0000000080000000,0x000000008339d9f8,0x0000000084300000)
 Metaspace       used 71759K, committed 73280K, reserved 1114112K
  class space    used 7650K, committed 8320K, reserved 1048576K
}
Event: 304.657 GC heap before
{Heap before GC invocations=48 (full 3):
 PSYoungGen      total 20992K, used 20896K [0x00000000d5580000, 0x00000000d6d00000, 0x0000000100000000)
  eden space 20480K, 100% used [0x00000000d5580000,0x00000000d6980000,0x00000000d6980000)
  from space 512K, 81% used [0x00000000d6c80000,0x00000000d6ce8000,0x00000000d6d00000)
  to   space 1024K, 0% used [0x00000000d6b00000,0x00000000d6b00000,0x00000000d6c00000)
 ParOldGen       total 68608K, used 52854K [0x0000000080000000, 0x0000000084300000, 0x00000000d5580000)
  object space 68608K, 77% used [0x0000000080000000,0x000000008339d9f8,0x0000000084300000)
 Metaspace       used 72014K, committed 73472K, reserved 1114112K
  class space    used 7652K, committed 8320K, reserved 1048576K
}
Event: 304.672 GC heap after
{Heap after GC invocations=48 (full 3):
 PSYoungGen      total 21504K, used 1009K [0x00000000d5580000, 0x00000000d7680000, 0x0000000100000000)
  eden space 20480K, 0% used [0x00000000d5580000,0x00000000d5580000,0x00000000d6980000)
  from space 1024K, 98% used [0x00000000d6b00000,0x00000000d6bfc458,0x00000000d6c00000)
  to   space 6656K, 0% used [0x00000000d7000000,0x00000000d7000000,0x00000000d7680000)
 ParOldGen       total 68608K, used 57289K [0x0000000080000000, 0x0000000084300000, 0x00000000d5580000)
  object space 68608K, 83% used [0x0000000080000000,0x00000000837f2760,0x0000000084300000)
 Metaspace       used 72014K, committed 73472K, reserved 1114112K
  class space    used 7652K, committed 8320K, reserved 1048576K
}
Event: 313.126 GC heap before
{Heap before GC invocations=49 (full 3):
 PSYoungGen      total 21504K, used 21489K [0x00000000d5580000, 0x00000000d7680000, 0x0000000100000000)
  eden space 20480K, 100% used [0x00000000d5580000,0x00000000d6980000,0x00000000d6980000)
  from space 1024K, 98% used [0x00000000d6b00000,0x00000000d6bfc458,0x00000000d6c00000)
  to   space 6656K, 0% used [0x00000000d7000000,0x00000000d7000000,0x00000000d7680000)
 ParOldGen       total 68608K, used 57289K [0x0000000080000000, 0x0000000084300000, 0x00000000d5580000)
  object space 68608K, 83% used [0x0000000080000000,0x00000000837f2760,0x0000000084300000)
 Metaspace       used 72124K, committed 73600K, reserved 1114112K
  class space    used 7660K, committed 8320K, reserved 1048576K
}
Event: 313.132 GC heap after
{Heap after GC invocations=49 (full 3):
 PSYoungGen      total 23040K, used 2240K [0x00000000d5580000, 0x00000000d7280000, 0x0000000100000000)
  eden space 20480K, 0% used [0x00000000d5580000,0x00000000d5580000,0x00000000d6980000)
  from space 2560K, 87% used [0x00000000d7000000,0x00000000d7230000,0x00000000d7280000)
  to   space 3584K, 0% used [0x00000000d6b80000,0x00000000d6b80000,0x00000000d6f00000)
 ParOldGen       total 68608K, used 57988K [0x0000000080000000, 0x0000000084300000, 0x00000000d5580000)
  object space 68608K, 84% used [0x0000000080000000,0x00000000838a1070,0x0000000084300000)
 Metaspace       used 72124K, committed 73600K, reserved 1114112K
  class space    used 7660K, committed 8320K, reserved 1048576K
}
Event: 317.884 GC heap before
{Heap before GC invocations=50 (full 3):
 PSYoungGen      total 23040K, used 22720K [0x00000000d5580000, 0x00000000d7280000, 0x0000000100000000)
  eden space 20480K, 100% used [0x00000000d5580000,0x00000000d6980000,0x00000000d6980000)
  from space 2560K, 87% used [0x00000000d7000000,0x00000000d7230000,0x00000000d7280000)
  to   space 3584K, 0% used [0x00000000d6b80000,0x00000000d6b80000,0x00000000d6f00000)
 ParOldGen       total 68608K, used 57988K [0x0000000080000000, 0x0000000084300000, 0x00000000d5580000)
  object space 68608K, 84% used [0x0000000080000000,0x00000000838a1070,0x0000000084300000)
 Metaspace       used 72510K, committed 73984K, reserved 1179648K
  class space    used 7679K, committed 8384K, reserved 1048576K
}
Event: 317.895 GC heap after
{Heap after GC invocations=50 (full 3):
 PSYoungGen      total 22528K, used 1807K [0x00000000d5580000, 0x00000000d7080000, 0x0000000100000000)
  eden space 20480K, 0% used [0x00000000d5580000,0x00000000d5580000,0x00000000d6980000)
  from space 2048K, 88% used [0x00000000d6b80000,0x00000000d6d43c50,0x00000000d6d80000)
  to   space 2560K, 0% used [0x00000000d6e00000,0x00000000d6e00000,0x00000000d7080000)
 ParOldGen       total 68608K, used 60041K [0x0000000080000000, 0x0000000084300000, 0x00000000d5580000)
  object space 68608K, 87% used [0x0000000080000000,0x0000000083aa2500,0x0000000084300000)
 Metaspace       used 72510K, committed 73984K, reserved 1179648K
  class space    used 7679K, committed 8384K, reserved 1048576K
}
Event: 344.698 GC heap before
{Heap before GC invocations=51 (full 3):
 PSYoungGen      total 22528K, used 22287K [0x00000000d5580000, 0x00000000d7080000, 0x0000000100000000)
  eden space 20480K, 100% used [0x00000000d5580000,0x00000000d6980000,0x00000000d6980000)
  from space 2048K, 88% used [0x00000000d6b80000,0x00000000d6d43c50,0x00000000d6d80000)
  to   space 2560K, 0% used [0x00000000d6e00000,0x00000000d6e00000,0x00000000d7080000)
 ParOldGen       total 68608K, used 60041K [0x0000000080000000, 0x0000000084300000, 0x00000000d5580000)
  object space 68608K, 87% used [0x0000000080000000,0x0000000083aa2500,0x0000000084300000)
 Metaspace       used 72799K, committed 74304K, reserved 1179648K
  class space    used 7691K, committed 8384K, reserved 1048576K
}
Event: 344.713 GC heap after
{Heap after GC invocations=51 (full 3):
 PSYoungGen      total 22528K, used 1952K [0x00000000d5580000, 0x00000000d7000000, 0x0000000100000000)
  eden space 20480K, 0% used [0x00000000d5580000,0x00000000d5580000,0x00000000d6980000)
  from space 2048K, 95% used [0x00000000d6e00000,0x00000000d6fe8000,0x00000000d7000000)
  to   space 2048K, 0% used [0x00000000d6b80000,0x00000000d6b80000,0x00000000d6d80000)
 ParOldGen       total 68608K, used 61746K [0x0000000080000000, 0x0000000084300000, 0x00000000d5580000)
  object space 68608K, 89% used [0x0000000080000000,0x0000000083c4caa0,0x0000000084300000)
 Metaspace       used 72799K, committed 74304K, reserved 1179648K
  class space    used 7691K, committed 8384K, reserved 1048576K
}

